********************************************************************************
DUPLICATOR-LITE PACKAGE-LOG: April 23, 2018 12:07 pm
NOTICE: Do NOT post to public sites or forums 
********************************************************************************
VERSION:	1.2.34
WORDPRESS:	4.9.5
PHP INFO:	7.2.1 | SAPI: apache2handler
SERVER:		Apache/2.2.34 (Unix) mod_wsgi/3.5 Python/2.7.13 PHP/7.2.1 mod_ssl/2.2.34 OpenSSL/1.0.2j DAV/2 mod_fastcgi/2.4.6 mod_perl/2.0.9 Perl/v5.24.0 
PHP TIME LIMIT: (0) no time limit imposed 
PHP MAX MEMORY: 2048M (128M default) 
MEMORY STACK: 14MB 

********************************************************************************
DATABASE:
********************************************************************************
BUILD MODE:   PHP(query limit - 100)
MYSQLTIMEOUT: 5000
MYSQLDUMP:    Not Supported 
TABLES: total:13 | filtered:0 | create:13 
FILTERED: [] 
SQL CREATED: 20180423_audriausbaigiamasisdarbas_0223af6bec0892879866180423120623_database.sql 
SQL FILE SIZE: 391.87KB (401274) 
SQL FILE TIME: 2018-04-23 12:07:03 
SQL RUNTIME: 0.53 sec. 

******************************************************************************** 
ARCHIVE (ZIP): 
******************************************************************************** 
ARCHIVE DIR:  /Applications/MAMP/htdocs/wp 
ARCHIVE FILE: 20180423_audriausbaigiamasisdarbas_0223af6bec0892879866180423120623_archive.zip 
FILTERS: *OFF* 
DIRS:
	not set 
FILES:
	not set 
EXTS:  not set 
---------------------------------------- 
COMPRESSING 
SIZE:	54.37MB 
STATS:	Dirs 217 | Files 2,048 
SQL ADDED: 20180423_audriausbaigiamasisdarbas_0223af6bec0892879866180423120623_database.sql 
ZipArchive Object
(
    [status] => 0
    [statusSys] => 0
    [numFiles] => 2265
    [filename] => /Applications/MAMP/htdocs/wp/wp-snapshots/tmp/20180423_audriausbaigiamasisdarbas_0223af6bec0892879866180423120623_archive.zip
    [comment] => 
)
 
COMPRESSION RESULT: '1' 
COMPRESSED SIZE: 31.95MB 
ARCHIVE RUNTIME: 10.95 sec. 
MEMORY STACK: 14MB 

******************************************************************************** 
MAKE INSTALLER: 
******************************************************************************** 
Build Start 
Build Finished 
Preping for use 
PACK SIZE:  
Template parsed with new data 
Complete [/Applications/MAMP/htdocs/wp/wp-snapshots/tmp/20180423_audriausbaigiamasisdarbas_0223af6bec0892879866180423120623_installer.php] 
Added to archive 

******************************************************************************** 
INTEGRITY CHECKS: 
******************************************************************************** 
SQL File: 391.87KB 
Installer File: 445.29KB 
Archive File: 31.95MB  

********************************************************************************
RECORD ID:[1]
TOTAL PROCESS RUNTIME: 12.86 sec.
PEAK PHP MEMORY USED: 16MB
DONE PROCESSING => 20180423_audriausbaigiamasisdarbas April 23, 2018 12:07 pm
 
